{
  "project_title": "Transformer-Based Multimodal Financial Analysis for Trading Entry and Exit Prediction",
  "symbols": [
    "AAPL",
    "MSFT",
    "TSLA"
  ],
  "date_range": {
    "start": "2020-01-01",
    "end": "2026-05-01"
  },
  "model_type": "transformer",
  "sentiment_mode": "random",
  "rows": 4959,
  "split_label_counts": {
    "-1.0": {
      "test": 223,
      "train": 936,
      "val": 187
    },
    "0.0": {
      "test": 265,
      "train": 1108,
      "val": 244
    },
    "1.0": {
      "test": 166,
      "train": 995,
      "val": 220
    }
  },
  "model_performance": {
    "accuracy": 0.3669724770642202,
    "macro_f1": 0.32562160208211033,
    "confusion_matrix": [
      [
        163,
        25,
        35
      ],
      [
        182,
        24,
        59
      ],
      [
        89,
        24,
        53
      ]
    ],
    "classification_report": {
      "SELL": {
        "precision": 0.37557603686635943,
        "recall": 0.7309417040358744,
        "f1-score": 0.4961948249619482,
        "support": 223.0
      },
      "HOLD": {
        "precision": 0.3287671232876712,
        "recall": 0.09056603773584905,
        "f1-score": 0.14201183431952663,
        "support": 265.0
      },
      "BUY": {
        "precision": 0.36054421768707484,
        "recall": 0.3192771084337349,
        "f1-score": 0.33865814696485624,
        "support": 166.0
      },
      "accuracy": 0.3669724770642202,
      "macro avg": {
        "precision": 0.35496245928036846,
        "recall": 0.38026161673515285,
        "f1-score": 0.32562160208211033,
        "support": 654.0
      },
      "weighted avg": {
        "precision": 0.35279370646557406,
        "recall": 0.3669724770642202,
        "f1-score": 0.31269393647913635,
        "support": 654.0
      }
    },
    "training_history": [
      {
        "epoch": 1,
        "train_loss": 1.1420797881327178,
        "val_loss": 1.0883622850690569
      },
      {
        "epoch": 2,
        "train_loss": 1.1307900089966623,
        "val_loss": 1.085405747095744
      },
      {
        "epoch": 3,
        "train_loss": 1.11849638474615,
        "val_loss": 1.0851860443751018
      },
      {
        "epoch": 4,
        "train_loss": 1.1157762263950548,
        "val_loss": 1.0838943833396548
      },
      {
        "epoch": 5,
        "train_loss": 1.1116114045444287,
        "val_loss": 1.0834607226508004
      },
      {
        "epoch": 6,
        "train_loss": 1.1100659872356213,
        "val_loss": 1.0832106669743855
      },
      {
        "epoch": 7,
        "train_loss": 1.106863364420439,
        "val_loss": 1.0824948833102273
      },
      {
        "epoch": 8,
        "train_loss": 1.1075599827264484,
        "val_loss": 1.0823624105680556
      },
      {
        "epoch": 9,
        "train_loss": 1.1024281828027023,
        "val_loss": 1.082306995278313
      },
      {
        "epoch": 10,
        "train_loss": 1.0969686313679343,
        "val_loss": 1.0822719874836149
      },
      {
        "epoch": 11,
        "train_loss": 1.0959125324299461,
        "val_loss": 1.0824423545882815
      },
      {
        "epoch": 12,
        "train_loss": 1.1027345481671784,
        "val_loss": 1.0840810395422436
      },
      {
        "epoch": 13,
        "train_loss": 1.092856870826922,
        "val_loss": 1.085660029025305
      },
      {
        "epoch": 14,
        "train_loss": 1.094732612057736,
        "val_loss": 1.0873224082447233
      },
      {
        "epoch": 15,
        "train_loss": 1.0966252339513678,
        "val_loss": 1.0878580780256362
      },
      {
        "epoch": 16,
        "train_loss": 1.0886433996652303,
        "val_loss": 1.09038526955105
      },
      {
        "epoch": 17,
        "train_loss": 1.087832656659578,
        "val_loss": 1.094960751987639
      }
    ],
    "device": "cpu"
  },
  "risk_metrics": {
    "total_return": 0.0,
    "annualized_return": 0.0,
    "sharpe_ratio": 0.0,
    "sortino_ratio": 0.0,
    "max_drawdown_pct": 0.0,
    "max_drawdown_duration_days": 0,
    "calmar_ratio": 0.0,
    "win_rate": 0.0,
    "profit_factor": 0.0,
    "average_trade_return": 0.0,
    "annualized_volatility": 0.0,
    "number_of_trades": 0
  },
  "artifacts": {
    "model": "model_artifact.pt",
    "metrics": "metrics_report.json",
    "trades": "backtest_trades.csv",
    "feature_importance": "feature_importance.csv",
    "cache": "financial_data_cache.db"
  },
  "attention_shape": [
    20,
    20
  ]
}
Dash app available at http://127.0.0.1:8050
Dash is running on http://127.0.0.1:8050/

 * Serving Flask app 'multimodal_financial_analysis'
 * Debug mode: on
